E, [2021-06-11T18:01:25.705918 #11519] ERROR -- Kitchen: ------Exception-------
E, [2021-06-11T18:01:25.706045 #11519] ERROR -- Kitchen: Class: Kitchen::UserError
E, [2021-06-11T18:01:25.706083 #11519] ERROR -- Kitchen: Message: Kitchen YAML file /home/christopherneal/chef-repo/kitchen.yml does not exist.
E, [2021-06-11T18:01:25.706106 #11519] ERROR -- Kitchen: ----------------------
E, [2021-06-11T18:01:25.706135 #11519] ERROR -- Kitchen: ------Backtrace-------
E, [2021-06-11T18:01:25.706155 #11519] ERROR -- Kitchen: /opt/chef-workstation/embedded/lib/ruby/gems/2.7.0/gems/test-kitchen-2.9.0/lib/kitchen/loader/yaml.rb:64:in `read'
E, [2021-06-11T18:01:25.706182 #11519] ERROR -- Kitchen: /opt/chef-workstation/embedded/lib/ruby/gems/2.7.0/gems/test-kitchen-2.9.0/lib/kitchen/config.rb:153:in `data'
E, [2021-06-11T18:01:25.706204 #11519] ERROR -- Kitchen: /opt/chef-workstation/embedded/lib/ruby/gems/2.7.0/gems/test-kitchen-2.9.0/lib/kitchen/config.rb:131:in `suites'
E, [2021-06-11T18:01:25.706223 #11519] ERROR -- Kitchen: /opt/chef-workstation/embedded/lib/ruby/gems/2.7.0/gems/test-kitchen-2.9.0/lib/kitchen/config.rb:183:in `filter_instances'
E, [2021-06-11T18:01:25.706251 #11519] ERROR -- Kitchen: /opt/chef-workstation/embedded/lib/ruby/gems/2.7.0/gems/test-kitchen-2.9.0/lib/kitchen/config.rb:142:in `build_instances'
E, [2021-06-11T18:01:25.706272 #11519] ERROR -- Kitchen: /opt/chef-workstation/embedded/lib/ruby/gems/2.7.0/gems/test-kitchen-2.9.0/lib/kitchen/config.rb:116:in `instances'
E, [2021-06-11T18:01:25.706291 #11519] ERROR -- Kitchen: /opt/chef-workstation/embedded/lib/ruby/gems/2.7.0/gems/test-kitchen-2.9.0/lib/kitchen/command.rb:109:in `filtered_instances'
E, [2021-06-11T18:01:25.706320 #11519] ERROR -- Kitchen: /opt/chef-workstation/embedded/lib/ruby/gems/2.7.0/gems/test-kitchen-2.9.0/lib/kitchen/command.rb:139:in `parse_subcommand'
E, [2021-06-11T18:01:25.706341 #11519] ERROR -- Kitchen: /opt/chef-workstation/embedded/lib/ruby/gems/2.7.0/gems/test-kitchen-2.9.0/lib/kitchen/command/list.rb:29:in `call'
E, [2021-06-11T18:01:25.706370 #11519] ERROR -- Kitchen: /opt/chef-workstation/embedded/lib/ruby/gems/2.7.0/gems/test-kitchen-2.9.0/lib/kitchen/cli.rb:52:in `perform'
E, [2021-06-11T18:01:25.706392 #11519] ERROR -- Kitchen: /opt/chef-workstation/embedded/lib/ruby/gems/2.7.0/gems/test-kitchen-2.9.0/lib/kitchen/cli.rb:120:in `list'
E, [2021-06-11T18:01:25.706411 #11519] ERROR -- Kitchen: /opt/chef-workstation/embedded/lib/ruby/gems/2.7.0/gems/thor-1.0.1/lib/thor/command.rb:27:in `run'
E, [2021-06-11T18:01:25.706440 #11519] ERROR -- Kitchen: /opt/chef-workstation/embedded/lib/ruby/gems/2.7.0/gems/thor-1.0.1/lib/thor/invocation.rb:127:in `invoke_command'
E, [2021-06-11T18:01:25.706466 #11519] ERROR -- Kitchen: /opt/chef-workstation/embedded/lib/ruby/gems/2.7.0/gems/thor-1.0.1/lib/thor.rb:392:in `dispatch'
E, [2021-06-11T18:01:25.706524 #11519] ERROR -- Kitchen: /opt/chef-workstation/embedded/lib/ruby/gems/2.7.0/gems/thor-1.0.1/lib/thor/base.rb:485:in `start'
E, [2021-06-11T18:01:25.706557 #11519] ERROR -- Kitchen: /opt/chef-workstation/embedded/lib/ruby/gems/2.7.0/gems/test-kitchen-2.9.0/bin/kitchen:11:in `block in <top (required)>'
E, [2021-06-11T18:01:25.706580 #11519] ERROR -- Kitchen: /opt/chef-workstation/embedded/lib/ruby/gems/2.7.0/gems/test-kitchen-2.9.0/lib/kitchen/errors.rb:170:in `with_friendly_errors'
E, [2021-06-11T18:01:25.706600 #11519] ERROR -- Kitchen: /opt/chef-workstation/embedded/lib/ruby/gems/2.7.0/gems/test-kitchen-2.9.0/bin/kitchen:11:in `<top (required)>'
E, [2021-06-11T18:01:25.706629 #11519] ERROR -- Kitchen: /usr/bin/kitchen:342:in `load'
E, [2021-06-11T18:01:25.706648 #11519] ERROR -- Kitchen: /usr/bin/kitchen:342:in `<main>'
E, [2021-06-11T18:01:25.706675 #11519] ERROR -- Kitchen: ----End Backtrace-----
